<?xml version="1.0" encoding="UTF-8"?>
<testsuite xmlns:xsi="http://www.w3.org/2001/XMLSchema-instance" xsi:noNamespaceSchemaLocation="https://maven.apache.org/surefire/maven-surefire-plugin/xsd/surefire-test-report.xsd" name="com.orangeHRM.e2eTests.TestRunner" time="50.955" tests="7" errors="1" skipped="0" failures="0">
  <properties>
[...]
</properties>
  <testcase name="Given Je me connecte a l&apos;application OrangeHRM" classname="Scenario: Authentification - OrangeHRM" time="0.004"/>
  <testcase name="When Je saisie Username &quot;Admin&quot;" classname="Scenario: Authentification - OrangeHRM" time="0"/>
  <testcase name="And Je saisie Password &quot;admin123&quot;" classname="Scenario: Authentification - OrangeHRM" time="0.003"/>
  <testcase name="And Je clique sur le boutton login" classname="Scenario: Authentification - OrangeHRM" time="0"/>
  <testcase name="Then Redirection vers le compte admin &quot;Welcome&quot;" classname="Scenario: Authentification - OrangeHRM" time="0.001"/>
  <testcase name="Scenario: Authentification - OrangeHRM" classname="Scenario: Authentification - OrangeHRM" time="0.681"/>
  <testcase name="com.orangeHRM.e2eTests.TestRunner" classname="com.orangeHRM.e2eTests.TestRunner" time="1.463">
    <error message="InputStream cannot be null" type="java.lang.IllegalArgumentException">java.lang.IllegalArgumentException: InputStream cannot be null
	at com.orangeHRM.e2eTests.TestRunner.writeExtentReport(TestRunner.java:30)
</error>
    <system-out><![CDATA[
  @cnx
  Scenario: Authentification - OrangeHRM            # autentification/Authentification.feature:9
    When Je saisie Username "Admin"                 # AuthentificationStepDefinition.jeSaisieUsername(String)
    And Je saisie Password "admin123"               # AuthentificationStepDefinition.jeSaisiePassword(String)
    And Je clique sur le boutton login              # AuthentificationStepDefinition.jeCliqueSurLeBouttonLogin()
    Then Redirection vers le compte admin "Welcome" # AuthentificationStepDefinition.redirectionVersLeCompteAdmin(String)
]]></system-out>
    <system-err><![CDATA[Feb 06, 2021 7:32:24 PM com.aventstack.extentreports.configuration.ConfigLoader <init>
SEVERE: /src/test/resources/configs/extent-config.xml
java.io.FileNotFoundException: /src/test/resources/configs/extent-config.xml (No such file or directory)
	at java.base/java.io.FileInputStream.open0(Native Method)
	at java.base/java.io.FileInputStream.open(FileInputStream.java:219)
	at java.base/java.io.FileInputStream.<init>(FileInputStream.java:157)
	at com.aventstack.extentreports.configuration.ConfigLoader.<init>(ConfigLoader.java:49)
	at com.aventstack.extentreports.reporter.AbstractReporter.loadXMLConfig(AbstractReporter.java:64)
	at com.cucumber.listener.Reporter.loadXMLConfig(Reporter.java:56)
	at com.orangeHRM.e2eTests.TestRunner.writeExtentReport(TestRunner.java:30)
	at java.base/jdk.internal.reflect.NativeMethodAccessorImpl.invoke0(Native Method)
	at java.base/jdk.internal.reflect.NativeMethodAccessorImpl.invoke(NativeMethodAccessorImpl.java:62)
	at java.base/jdk.internal.reflect.DelegatingMethodAccessorImpl.invoke(DelegatingMethodAccessorImpl.java:43)
	at java.base/java.lang.reflect.Method.invoke(Method.java:566)
	at org.junit.runners.model.FrameworkMethod$1.runReflectiveCall(FrameworkMethod.java:47)
	at org.junit.internal.runners.model.ReflectiveCallable.run(ReflectiveCallable.java:12)
	at org.junit.runners.model.FrameworkMethod.invokeExplosively(FrameworkMethod.java:44)
	at org.junit.internal.runners.statements.RunAfters.evaluate(RunAfters.java:33)
	at org.junit.runners.ParentRunner.run(ParentRunner.java:309)
	at cucumber.api.junit.Cucumber.run(Cucumber.java:98)
	at org.apache.maven.surefire.junit4.JUnit4Provider.execute(JUnit4Provider.java:365)
	at org.apache.maven.surefire.junit4.JUnit4Provider.executeWithRerun(JUnit4Provider.java:273)
	at org.apache.maven.surefire.junit4.JUnit4Provider.executeTestSet(JUnit4Provider.java:238)
	at org.apache.maven.surefire.junit4.JUnit4Provider.invoke(JUnit4Provider.java:159)
	at org.apache.maven.surefire.booter.ForkedBooter.invokeProviderInSameClassLoader(ForkedBooter.java:384)
	at org.apache.maven.surefire.booter.ForkedBooter.runSuitesInProcess(ForkedBooter.java:345)
	at org.apache.maven.surefire.booter.ForkedBooter.execute(ForkedBooter.java:126)
	at org.apache.maven.surefire.booter.ForkedBooter.main(ForkedBooter.java:418)

]]></system-err>
  </testcase>
</testsuite>